<?xml version="1.0" encoding="UTF-8"?>
<!-- Generated by org.testng.reporters.JUnitXMLReporter -->
<testsuite ignored="2" hostname="DESKTOP-LTKBB09" failures="1" tests="4" name="Regression Edge" time="26.094" errors="0" timestamp="2020-12-23T13:39:05 CST">
  <testcase classname="com.jostens.qa.testcase.LoginPageTest" name="aloginTest" time="14.855"/>
  <testcase classname="com.jostens.qa.testcase.LoginPageTest" name="aloginTest" time="3.029">
    <failure type="java.lang.AssertionError" message="The following asserts failed:
	expected [Steven VerMulm] but found []">
      <![CDATA[java.lang.AssertionError: The following asserts failed:
expected [Steven VerMulm] but found []
at com.jostens.qa.testcase.LoginPageTest.aloginTest(LoginPageTest.java:74)
at java.base/java.util.ArrayList.forEach(ArrayList.java:1541)
at java.base/java.util.concurrent.FutureTask.run(FutureTask.java:264)
at java.base/java.util.concurrent.ThreadPoolExecutor.runWorker(ThreadPoolExecutor.java:1128)
at java.base/java.util.concurrent.ThreadPoolExecutor$Worker.run(ThreadPoolExecutor.java:628)
at java.base/java.lang.Thread.run(Thread.java:834)
... Removed 20 stack frames]]>
    </failure>
  </testcase> <!-- aloginTest -->
  <testcase classname="com.jostens.qa.testcase.HomePageTest" name="bsearchForSchoolTest" time="2.349"/>
  <testcase classname="com.jostens.qa.testcase.HomePageTest" name="bsearchForSchoolTest" time="1.851"/>
  <testcase classname="com.jostens.qa.base.TestBase" name="@AfterSuite afterSuite" time="0.0">
    <ignored/>
  </testcase> <!-- @AfterSuite afterSuite -->
  <testcase classname="com.jostens.qa.base.TestBase" name="@BeforeSuite beforeSuite" time="0.0">
    <ignored/>
  </testcase> <!-- @BeforeSuite beforeSuite -->
</testsuite> <!-- Regression Edge -->
