<?xml version="1.0" encoding="UTF-8"?>
<!-- Generated by org.testng.reporters.JUnitXMLReporter -->
<testsuite ignored="6" hostname="CAMBROSIA-VM" failures="1" tests="12" name="Regression Chrome" time="283.417" errors="0" timestamp="2021-05-19T11:54:45 PDT">
  <testcase classname="winapp.cti.qa.testcases.phonecontrol.ReceiveLineTest" name="receiveLineTest" time="57.079"/>
  <testcase classname="winapp.cti.qa.testcases.phonecontrol.ReceiveLineTest" name="receiveLineTest" time="31.949"/>
  <testcase classname="winapp.cti.qa.testcases.phonecontrol.ReceiveLineTest" name="receiveLineTest" time="32.95"/>
  <testcase classname="winapp.cti.qa.testcases.phonecontrol.ReceiveLineTest" name="receiveLineTest" time="33.099"/>
  <testcase classname="winapp.cti.qa.testcases.phonecontrol.ReceiveLineTest" name="receiveLineTest" time="31.962"/>
  <testcase classname="winapp.cti.qa.testcases.phonecontrol.ReceiveLineTest" name="receiveLineTest" time="42.769"/>
  <testcase classname="winapp.cti.qa.testcases.phonecontrol.ReceiveLineTest" name="receiveLineTest" time="31.868"/>
  <testcase classname="winapp.cti.qa.testcases.phonecontrol.OutgoingCallTest" name="receiveLineTest" time="0.228">
    <failure type="java.lang.NullPointerException" message="Cannot invoke &amp;quot;winapp.cti.qa.pages.OzekiPage.registerOzeki()&amp;quot; because &amp;quot;this.ozekiPage&amp;quot; is null">
      <![CDATA[java.lang.NullPointerException: Cannot invoke "winapp.cti.qa.pages.OzekiPage.registerOzeki()" because "this.ozekiPage" is null
at winapp.cti.qa.testcases.phonecontrol.OutgoingCallTest.receiveLineTest(OutgoingCallTest.java:73)
at java.base/java.util.ArrayList.forEach(ArrayList.java:1511)
at java.base/java.util.concurrent.FutureTask.run(FutureTask.java:264)
at java.base/java.util.concurrent.ThreadPoolExecutor.runWorker(ThreadPoolExecutor.java:1130)
at java.base/java.util.concurrent.ThreadPoolExecutor$Worker.run(ThreadPoolExecutor.java:630)
at java.base/java.lang.Thread.run(Thread.java:832)
... Removed 18 stack frames]]>
    </failure>
  </testcase> <!-- receiveLineTest -->
  <testcase classname="winapp.cti.qa.testcases.phonecontrol.LogoutTest" name="TC55182_LoginTest" time="7.961"/>
  <testcase classname="winapp.cti.qa.testcases.phonecontrol.LogoutTest" name="TC55182_LoginTest" time="0.04"/>
  <testcase classname="winapp.cti.qa.testcases.phonecontrol.LogoutTest" name="TC55182_LoginTest" time="8.504"/>
  <testcase classname="winapp.cti.qa.testcases.applications.CloseApplications" name="closeApplications" time="1.848"/>
  <testcase classname="winapp.cti.qa.base.TestBase" name="@AfterSuite afterSuite" time="0.0">
    <ignored/>
  </testcase> <!-- @AfterSuite afterSuite -->
  <testcase classname="winapp.cti.qa.base.TestBase" name="@AfterSuite afterSuite" time="0.0">
    <ignored/>
  </testcase> <!-- @AfterSuite afterSuite -->
  <testcase classname="winapp.cti.qa.base.TestBase" name="@AfterSuite afterSuite" time="0.0">
    <ignored/>
  </testcase> <!-- @AfterSuite afterSuite -->
  <testcase classname="winapp.cti.qa.base.TestBase" name="@BeforeSuite beforeSuite" time="0.0">
    <ignored/>
  </testcase> <!-- @BeforeSuite beforeSuite -->
  <testcase classname="winapp.cti.qa.base.TestBase" name="@BeforeSuite beforeSuite" time="0.0">
    <ignored/>
  </testcase> <!-- @BeforeSuite beforeSuite -->
  <testcase classname="winapp.cti.qa.base.TestBase" name="@BeforeSuite beforeSuite" time="0.0">
    <ignored/>
  </testcase> <!-- @BeforeSuite beforeSuite -->
</testsuite> <!-- Regression Chrome -->
