<?xml version="1.0" encoding="UTF-8"?>
<!-- Generated by org.testng.reporters.JUnitXMLReporter -->
<testsuite ignored="10" hostname="DESKTOP-LTKBB09" failures="1" tests="15" name="Test 1" time="130.99" errors="0" timestamp="2020-12-20T13:48:14 CST">
  <testcase classname="com.jostens.qa.testcases.LoginPageTest" name="aloginTest" time="7.913"/>
  <testcase classname="com.jostens.qa.testcases.LoginPageTest" name="aloginTest" time="2.618"/>
  <testcase classname="com.jostens.qa.testcases.HomePageTest" name="bsearchForSchoolTest" time="2.336"/>
  <testcase classname="com.jostens.qa.testcases.HomePageTest" name="bsearchForSchoolTest" time="3.427"/>
  <testcase classname="com.jostens.qa.testcases.SchoolStorePageTest" name="cproductSearchTest" time="26.329"/>
  <testcase classname="com.jostens.qa.testcases.SchoolStorePageTest" name="cproductSearchTest" time="21.937"/>
  <testcase classname="com.jostens.qa.testcases.SchoolStorePageTest" name="cproductSearchTest" time="21.375"/>
  <testcase classname="com.jostens.qa.testcases.ShoppingCartPageTest" name="daddProductToCartTest" time="1.888"/>
  <testcase classname="com.jostens.qa.testcases.ShoppingCartPageTest" name="daddProductToCartTest" time="0.143"/>
  <testcase classname="com.jostens.qa.testcases.ShoppingCartPageTest" name="daddProductToCartTest" time="0.147"/>
  <testcase classname="com.jostens.qa.testcases.CheckoutPageTest" name="eproceedWithCheckoutTest" time="9.377"/>
  <testcase classname="com.jostens.qa.testcases.CheckoutPageTest" name="eproceedWithCheckoutTest" time="7.467"/>
  <testcase classname="com.jostens.qa.testcases.CheckoutPageTest" name="eproceedWithCheckoutTest" time="11.424"/>
  <testcase classname="com.jostens.qa.testcases.PaymentPageTest" name="gtest" time="9.793"/>
  <testcase classname="com.jostens.qa.testcases.CheckoutPageTest" name="ftest2" time="0.035">
    <failure type="org.testng.internal.reflect.MethodMatcherException" message="
[public void com.jostens.qa.testcases.CheckoutPageTest.ftest2(java.lang.String,java.lang.String,java.lang.String,java.lang.String,java.lang.String,java.lang.String,java.lang.String,java.lang.String,java.lang.String,java.lang.String,java.lang.String,java.lang.String,java.lang.String,java.lang.String,java.lang.String,java.lang.String,java.lang.String)] has no parameters defined but was found to be using a data provider (either explicitly specified or inherited from class level annotation).
Data provider mismatch
Method: ftest2([Parameter{index=0, type=java.lang.String, declaredAnnotations=[]}, Parameter{index=1, type=java.lang.String, declaredAnnotations=[]}, Parameter{index=2, type=java.lang.String, declaredAnnotations=[]}, Parameter{index=3, type=java.lang.String, declaredAnnotations=[]}, Parameter{index=4, type=java.lang.String, declaredAnnotations=[]}, Parameter{index=5, type=java.lang.String, declaredAnnotations=[]}, Parameter{index=6, type=java.lang.String, declaredAnnotations=[]}, Parameter{index=7, type=java.lang.String, declaredAnnotations=[]}, Parameter{index=8, type=java.lang.String, declaredAnnotations=[]}, Parameter{index=9, type=java.lang.String, declaredAnnotations=[]}, Parameter{index=10, type=java.lang.String, declaredAnnotations=[]}, Parameter{index=11, type=java.lang.String, declaredAnnotations=[]}, Parameter{index=12, type=java.lang.String, declaredAnnotations=[]}, Parameter{index=13, type=java.lang.String, declaredAnnotations=[]}, Parameter{index=14, type=java.lang.String, declaredAnnotations=[]}, Parameter{index=15, type=java.lang.String, declaredAnnotations=[]}, Parameter{index=16, type=java.lang.String, declaredAnnotations=[]}])
Arguments: [(java.lang.String) 5555555555554444,(java.lang.String) Cynthia Ambrosia,(java.lang.String) Success - 2020/12/20 13:48:14,(java.lang.String) 096,(java.lang.String) Invalid CC Number,null,(java.lang.String) 1]">
      <![CDATA[org.testng.internal.reflect.MethodMatcherException: 
[public void com.jostens.qa.testcases.CheckoutPageTest.ftest2(java.lang.String,java.lang.String,java.lang.String,java.lang.String,java.lang.String,java.lang.String,java.lang.String,java.lang.String,java.lang.String,java.lang.String,java.lang.String,java.lang.String,java.lang.String,java.lang.String,java.lang.String,java.lang.String,java.lang.String)] has no parameters defined but was found to be using a data provider (either explicitly specified or inherited from class level annotation).
Data provider mismatch
Method: ftest2([Parameter{index=0, type=java.lang.String, declaredAnnotations=[]}, Parameter{index=1, type=java.lang.String, declaredAnnotations=[]}, Parameter{index=2, type=java.lang.String, declaredAnnotations=[]}, Parameter{index=3, type=java.lang.String, declaredAnnotations=[]}, Parameter{index=4, type=java.lang.String, declaredAnnotations=[]}, Parameter{index=5, type=java.lang.String, declaredAnnotations=[]}, Parameter{index=6, type=java.lang.String, declaredAnnotations=[]}, Parameter{index=7, type=java.lang.String, declaredAnnotations=[]}, Parameter{index=8, type=java.lang.String, declaredAnnotations=[]}, Parameter{index=9, type=java.lang.String, declaredAnnotations=[]}, Parameter{index=10, type=java.lang.String, declaredAnnotations=[]}, Parameter{index=11, type=java.lang.String, declaredAnnotations=[]}, Parameter{index=12, type=java.lang.String, declaredAnnotations=[]}, Parameter{index=13, type=java.lang.String, declaredAnnotations=[]}, Parameter{index=14, type=java.lang.String, declaredAnnotations=[]}, Parameter{index=15, type=java.lang.String, declaredAnnotations=[]}, Parameter{index=16, type=java.lang.String, declaredAnnotations=[]}])
Arguments: [(java.lang.String) 5555555555554444,(java.lang.String) Cynthia Ambrosia,(java.lang.String) Success - 2020/12/20 13:48:14,(java.lang.String) 096,(java.lang.String) Invalid CC Number,null,(java.lang.String) 1]
at java.base/java.util.ArrayList.forEach(ArrayList.java:1541)
at java.base/java.util.concurrent.FutureTask.run(FutureTask.java:264)
at java.base/java.util.concurrent.ThreadPoolExecutor.runWorker(ThreadPoolExecutor.java:1128)
at java.base/java.util.concurrent.ThreadPoolExecutor$Worker.run(ThreadPoolExecutor.java:628)
at java.base/java.lang.Thread.run(Thread.java:834)
... Removed 13 stack frames]]>
    </failure>
  </testcase> <!-- ftest2 -->
  <testcase classname="com.jostens.qa.base.TestBase" name="@AfterSuite afterSuite" time="0.0">
    <ignored/>
  </testcase> <!-- @AfterSuite afterSuite -->
  <testcase classname="com.jostens.qa.base.TestBase" name="@AfterSuite afterSuite" time="0.0">
    <ignored/>
  </testcase> <!-- @AfterSuite afterSuite -->
  <testcase classname="com.jostens.qa.base.TestBase" name="@AfterSuite afterSuite" time="0.0">
    <ignored/>
  </testcase> <!-- @AfterSuite afterSuite -->
  <testcase classname="com.jostens.qa.base.TestBase" name="@AfterSuite afterSuite" time="0.0">
    <ignored/>
  </testcase> <!-- @AfterSuite afterSuite -->
  <testcase classname="com.jostens.qa.base.TestBase" name="@AfterSuite afterSuite" time="0.0">
    <ignored/>
  </testcase> <!-- @AfterSuite afterSuite -->
  <testcase classname="com.jostens.qa.base.TestBase" name="@BeforeSuite beforeSuite" time="0.0">
    <ignored/>
  </testcase> <!-- @BeforeSuite beforeSuite -->
  <testcase classname="com.jostens.qa.base.TestBase" name="@BeforeSuite beforeSuite" time="0.0">
    <ignored/>
  </testcase> <!-- @BeforeSuite beforeSuite -->
  <testcase classname="com.jostens.qa.base.TestBase" name="@BeforeSuite beforeSuite" time="0.0">
    <ignored/>
  </testcase> <!-- @BeforeSuite beforeSuite -->
  <testcase classname="com.jostens.qa.base.TestBase" name="@BeforeSuite beforeSuite" time="0.0">
    <ignored/>
  </testcase> <!-- @BeforeSuite beforeSuite -->
  <testcase classname="com.jostens.qa.base.TestBase" name="@BeforeSuite beforeSuite" time="0.0">
    <ignored/>
  </testcase> <!-- @BeforeSuite beforeSuite -->
</testsuite> <!-- Test 1 -->
